<?xml version="1.0" encoding="UTF-8"?>
<testng-results ignored="0" total="1" passed="1" failed="0" skipped="0">
  <reporter-output>
  </reporter-output>
  <suite started-at="2023-08-01T11:58:46 IST" name="Suite" finished-at="2023-08-01T11:59:11 IST" duration-ms="24522">
    <groups>
      <group name="cucumber">
        <method signature="AbstractTestNGCucumberTests.runScenario(io.cucumber.testng.PickleWrapper,io.cucumber.testng.FeatureWrapper)[pri:0, instance:In.swiggy.teststeps.TestRunner@674658f7]" name="runScenario" class="io.cucumber.testng.AbstractTestNGCucumberTests"/>
      </group> <!-- cucumber -->
    </groups>
    <test started-at="2023-08-01T11:58:46 IST" name="Test" finished-at="2023-08-01T11:59:11 IST" duration-ms="24522">
      <class name="In.swiggy.teststeps.TestRunner">
        <test-method is-config="true" signature="setUpClass(org.testng.ITestContext)[pri:0, instance:In.swiggy.teststeps.TestRunner@674658f7]" started-at="2023-08-01T11:58:46 IST" name="setUpClass" finished-at="2023-08-01T11:58:47 IST" duration-ms="497" status="PASS">
          <params>
            <param index="0">
              <value>
                <![CDATA[org.testng.TestRunner@19bfbe28]]>
              </value>
            </param>
          </params>
          <reporter-output>
          </reporter-output>
        </test-method> <!-- setUpClass -->
        <test-method signature="runScenario(io.cucumber.testng.PickleWrapper,io.cucumber.testng.FeatureWrapper)[pri:0, instance:In.swiggy.teststeps.TestRunner@674658f7]" started-at="2023-08-01T11:58:47 IST" name="runScenario" description="Runs Cucumber Scenarios" data-provider="scenarios" finished-at="2023-08-01T11:59:04 IST" duration-ms="17273" status="PASS">
          <params>
            <param index="0">
              <value>
                <![CDATA["Verify the order placement process"]]>
              </value>
            </param>
            <param index="1">
              <value>
                <![CDATA["Optional[Verify ordering process on Swiggy website]"]]>
              </value>
            </param>
          </params>
          <reporter-output>
          </reporter-output>
        </test-method> <!-- runScenario -->
        <test-method is-config="true" signature="tearDownClass()[pri:0, instance:In.swiggy.teststeps.TestRunner@674658f7]" started-at="2023-08-01T11:59:04 IST" name="tearDownClass" finished-at="2023-08-01T11:59:11 IST" duration-ms="6705" status="PASS">
          <reporter-output>
          </reporter-output>
        </test-method> <!-- tearDownClass -->
      </class> <!-- In.swiggy.teststeps.TestRunner -->
    </test> <!-- Test -->
  </suite> <!-- Suite -->
</testng-results>
