<?xml version="1.0" encoding="UTF-8"?>
<!-- Generated by org.testng.reporters.JUnitReportReporter -->
<testsuite hostname="DESKTOP-I0C21EG" failures="0" tests="1" name="utils.TestRunner" time="0.104" errors="1" timestamp="2023-07-27T11:24:39 IST" skipped="0">
  <testcase classname="utils.TestRunner" name="runScenario" time="0.104">
    <error message="Cannot invoke &quot;in.amazon.pages.LandingPage.clickMobiles()&quot; because &quot;in.amazon.teststeps.BuyMobilePhoneSteps.landingPage&quot; is null" type="java.lang.NullPointerException">
      <![CDATA[java.lang.NullPointerException: Cannot invoke "in.amazon.pages.LandingPage.clickMobiles()" because "in.amazon.teststeps.BuyMobilePhoneSteps.landingPage" is null
at in.amazon.teststeps.BuyMobilePhoneSteps.he_clicks_on_mobiles_in_the_navigation_bar(BuyMobilePhoneSteps.java:19)
at ✽.he clicks on Mobiles in the navigation bar(file:///F:/Users/anji/eclipse-workspace/AmazonWithCucumber/Features/buy_mobile_phone.feature:6)
]]>
    </error>
  </testcase> <!-- runScenario -->
  <system-out/>
</testsuite> <!-- utils.TestRunner -->
