<?xml version="1.0" encoding="UTF-8"?>
<testng-results ignored="0" total="8" passed="8" failed="0" skipped="0">
  <reporter-output>
  </reporter-output>
  <suite started-at="2023-07-31T17:02:42 IST" name="Default suite" finished-at="2023-07-31T17:04:20 IST" duration-ms="97483">
    <groups>
      <group name="cucumber">
        <method signature="AbstractTestNGCucumberTests.runScenario(io.cucumber.testng.PickleWrapper,io.cucumber.testng.FeatureWrapper)[pri:0, instance:in.amazon.teststeps.TestRunner@248e319b]" name="runScenario" class="io.cucumber.testng.AbstractTestNGCucumberTests"/>
      </group> <!-- cucumber -->
    </groups>
    <test started-at="2023-07-31T17:02:42 IST" name="Default test" finished-at="2023-07-31T17:04:20 IST" duration-ms="97483">
      <class name="in.amazon.teststeps.TestRunner">
        <test-method is-config="true" signature="setUpClass(org.testng.ITestContext)[pri:0, instance:in.amazon.teststeps.TestRunner@248e319b]" started-at="2023-07-31T17:02:42 IST" name="setUpClass" finished-at="2023-07-31T17:02:42 IST" duration-ms="442" status="PASS">
          <params>
            <param index="0">
              <value>
                <![CDATA[org.testng.TestRunner@56f9de3b]]>
              </value>
            </param>
          </params>
          <reporter-output>
          </reporter-output>
        </test-method> <!-- setUpClass -->
        <test-method signature="runScenario(io.cucumber.testng.PickleWrapper,io.cucumber.testng.FeatureWrapper)[pri:0, instance:in.amazon.teststeps.TestRunner@248e319b]" started-at="2023-07-31T17:02:43 IST" name="runScenario" description="Runs Cucumber Scenarios" data-provider="scenarios" finished-at="2023-07-31T17:03:08 IST" duration-ms="25261" status="PASS">
          <params>
            <param index="0">
              <value>
                <![CDATA["A user must be able to buy a mobile phone on Amazon"]]>
              </value>
            </param>
            <param index="1">
              <value>
                <![CDATA["Optional[Buy Mobile Phone]"]]>
              </value>
            </param>
          </params>
          <reporter-output>
          </reporter-output>
        </test-method> <!-- runScenario -->
        <test-method signature="runScenario(io.cucumber.testng.PickleWrapper,io.cucumber.testng.FeatureWrapper)[pri:0, instance:in.amazon.teststeps.TestRunner@248e319b]" started-at="2023-07-31T17:03:08 IST" name="runScenario" description="Runs Cucumber Scenarios" data-provider="scenarios" finished-at="2023-07-31T17:03:30 IST" duration-ms="21757" status="PASS">
          <params>
            <param index="0">
              <value>
                <![CDATA["Search for physics books and add the first fourstar and above book to cart"]]>
              </value>
            </param>
            <param index="1">
              <value>
                <![CDATA["Optional[Searching for a book]"]]>
              </value>
            </param>
          </params>
          <reporter-output>
          </reporter-output>
        </test-method> <!-- runScenario -->
        <test-method signature="runScenario(io.cucumber.testng.PickleWrapper,io.cucumber.testng.FeatureWrapper)[pri:0, instance:in.amazon.teststeps.TestRunner@248e319b]" started-at="2023-07-31T17:03:30 IST" name="runScenario" description="Runs Cucumber Scenarios" data-provider="scenarios" finished-at="2023-07-31T17:03:38 IST" duration-ms="8365" status="PASS">
          <params>
            <param index="0">
              <value>
                <![CDATA["A user with invalid credentials must get an error message while logging in"]]>
              </value>
            </param>
            <param index="1">
              <value>
                <![CDATA["Optional[Login functionality]"]]>
              </value>
            </param>
          </params>
          <reporter-output>
          </reporter-output>
        </test-method> <!-- runScenario -->
        <test-method signature="runScenario(io.cucumber.testng.PickleWrapper,io.cucumber.testng.FeatureWrapper)[pri:0, instance:in.amazon.teststeps.TestRunner@248e319b]" started-at="2023-07-31T17:03:38 IST" name="runScenario" description="Runs Cucumber Scenarios" data-provider="scenarios" finished-at="2023-07-31T17:03:47 IST" duration-ms="8646" status="PASS">
          <params>
            <param index="0">
              <value>
                <![CDATA["A user with invalid credentials must get an error message while logging in"]]>
              </value>
            </param>
            <param index="1">
              <value>
                <![CDATA["Optional[Login functionality]"]]>
              </value>
            </param>
          </params>
          <reporter-output>
          </reporter-output>
        </test-method> <!-- runScenario -->
        <test-method signature="runScenario(io.cucumber.testng.PickleWrapper,io.cucumber.testng.FeatureWrapper)[pri:0, instance:in.amazon.teststeps.TestRunner@248e319b]" started-at="2023-07-31T17:03:47 IST" name="runScenario" description="Runs Cucumber Scenarios" data-provider="scenarios" finished-at="2023-07-31T17:03:57 IST" duration-ms="10013" status="PASS">
          <params>
            <param index="0">
              <value>
                <![CDATA["A user with multiple invalid credentials must get an error message while logging in"]]>
              </value>
            </param>
            <param index="1">
              <value>
                <![CDATA["Optional[Login functionality]"]]>
              </value>
            </param>
          </params>
          <reporter-output>
          </reporter-output>
        </test-method> <!-- runScenario -->
        <test-method signature="runScenario(io.cucumber.testng.PickleWrapper,io.cucumber.testng.FeatureWrapper)[pri:0, instance:in.amazon.teststeps.TestRunner@248e319b]" started-at="2023-07-31T17:03:57 IST" name="runScenario" description="Runs Cucumber Scenarios" data-provider="scenarios" finished-at="2023-07-31T17:04:05 IST" duration-ms="8331" status="PASS">
          <params>
            <param index="0">
              <value>
                <![CDATA["A user with multiple invalid credentials must get an error message while logging in"]]>
              </value>
            </param>
            <param index="1">
              <value>
                <![CDATA["Optional[Login functionality]"]]>
              </value>
            </param>
          </params>
          <reporter-output>
          </reporter-output>
        </test-method> <!-- runScenario -->
        <test-method signature="runScenario(io.cucumber.testng.PickleWrapper,io.cucumber.testng.FeatureWrapper)[pri:0, instance:in.amazon.teststeps.TestRunner@248e319b]" started-at="2023-07-31T17:04:05 IST" name="runScenario" description="Runs Cucumber Scenarios" data-provider="scenarios" finished-at="2023-07-31T17:04:11 IST" duration-ms="5709" status="PASS">
          <params>
            <param index="0">
              <value>
                <![CDATA["A user with multiple invalid credentials must get an error message while logging in"]]>
              </value>
            </param>
            <param index="1">
              <value>
                <![CDATA["Optional[Login functionality]"]]>
              </value>
            </param>
          </params>
          <reporter-output>
          </reporter-output>
        </test-method> <!-- runScenario -->
        <test-method signature="runScenario(io.cucumber.testng.PickleWrapper,io.cucumber.testng.FeatureWrapper)[pri:0, instance:in.amazon.teststeps.TestRunner@248e319b]" started-at="2023-07-31T17:04:11 IST" name="runScenario" description="Runs Cucumber Scenarios" data-provider="scenarios" finished-at="2023-07-31T17:04:17 IST" duration-ms="6483" status="PASS">
          <params>
            <param index="0">
              <value>
                <![CDATA["A user with multiple invalid credentials must get an error message while logging in"]]>
              </value>
            </param>
            <param index="1">
              <value>
                <![CDATA["Optional[Login functionality]"]]>
              </value>
            </param>
          </params>
          <reporter-output>
          </reporter-output>
        </test-method> <!-- runScenario -->
        <test-method is-config="true" signature="tearDownClass()[pri:0, instance:in.amazon.teststeps.TestRunner@248e319b]" started-at="2023-07-31T17:04:17 IST" name="tearDownClass" finished-at="2023-07-31T17:04:20 IST" duration-ms="2430" status="PASS">
          <reporter-output>
          </reporter-output>
        </test-method> <!-- tearDownClass -->
      </class> <!-- in.amazon.teststeps.TestRunner -->
    </test> <!-- Default test -->
  </suite> <!-- Default suite -->
</testng-results>
